[    0.000000] Initializing cgroup subsys cpuset
[    0.000000] Initializing cgroup subsys cpu
[    0.000000] Initializing cgroup subsys cpuacct
[    0.000000] Linux version 4.4.0-119-generic (buildd@lcy01-amd64-013) (gcc version 5.4.0 20160609 (Ubuntu 5.4.0-6ubuntu1~16.04.9) ) #143-Ubuntu SMP Mon Apr 2 16:08:24 UTC 2018 (Ubuntu 4.4.0-119.143-generic 4.4.114)
[    0.000000] Command line: BOOT_IMAGE=/boot/vmlinuz-4.4.0-119-generic root=UUID=e8fbe741-c77a-4f54-8541-d6a43e2d06ce ro console=tty1 console=ttyS0
[    0.000000] KERNEL supported cpus:
[    0.000000]   Intel GenuineIntel
[    0.000000]   AMD AuthenticAMD
[    0.000000]   Centaur CentaurHauls
[    0.000000] ------------[ cut here ]------------
[    0.000000] WARNING: CPU: 0 PID: 0 at /build/linux-4WcAio/linux-4.4.0/arch/x86/kernel/fpu/xstate.c:517 fpu__init_system_xstate+0x38b/0x75a()
[    0.000000] XSAVE consistency problem, dumping leaves
[    0.000000] Modules linked in:
[    0.000000] CPU: 0 PID: 0 Comm: swapper Not tainted 4.4.0-119-generic #143-Ubuntu
[    0.000000]  0000000000000086 b25db386c3650205 ffffffff81e03d80 ffffffff81400443
[    0.000000]  ffffffff81e03dc8 ffffffff81cabf10 ffffffff81e03db8 ffffffff81083032
[    0.000000]  ffffffff81e03e48 ffffffff81e03e4c 0000000000000008 0000000000000100
[    0.000000] Call Trace:
[    0.000000]  [<ffffffff81400443>] dump_stack+0x63/0x90
[    0.000000]  [<ffffffff81083032>] warn_slowpath_common+0x82/0xc0
[    0.000000]  [<ffffffff810830cc>] warn_slowpath_fmt+0x5c/0x80
[    0.000000]  [<ffffffff8107ec76>] ? xfeature_size+0x59/0x77
[    0.000000]  [<ffffffff81f73345>] fpu__init_system_xstate+0x38b/0x75a
[    0.000000]  [<ffffffff81f63120>] ? early_idt_handler_array+0x120/0x120
[    0.000000]  [<ffffffff81f72cb0>] fpu__init_system+0x10d/0x245
[    0.000000]  [<ffffffff81f73e7f>] early_cpu_init+0x178/0x17d
[    0.000000]  [<ffffffff81f73e7f>] ? early_cpu_init+0x178/0x17d
[    0.000000]  [<ffffffff81f6f208>] setup_arch+0xb4/0xd2b
[    0.000000]  [<ffffffff81f63120>] ? early_idt_handler_array+0x120/0x120
[    0.000000]  [<ffffffff81f63c7d>] start_kernel+0xe4/0x4b0
[    0.000000]  [<ffffffff81f63120>] ? early_idt_handler_array+0x120/0x120
[    0.000000]  [<ffffffff81f63339>] x86_64_start_reservations+0x2a/0x2c
[    0.000000]  [<ffffffff81f63485>] x86_64_start_kernel+0x14a/0x16d
[    0.000000] ---[ end trace 4d5ff9f2f68c4233 ]---
[    0.000000] CPUID[0d, 00]: eax=00000007 ebx=00000440 ecx=00000440 edx=00000000
[    0.000000] CPUID[0d, 01]: eax=00000000 ebx=00000440 ecx=00000000 edx=00000000
[    0.000000] CPUID[0d, 02]: eax=00000100 ebx=00000240 ecx=00000000 edx=00000000
[    0.000000] CPUID[0d, 03]: eax=00000000 ebx=00000000 ecx=00000000 edx=00000000
[    0.000000] CPUID[0d, 04]: eax=00000000 ebx=00000000 ecx=00000000 edx=00000000
[    0.000000] CPUID[0d, 05]: eax=00000000 ebx=00000000 ecx=00000000 edx=00000000
[    0.000000] CPUID[0d, 06]: eax=00000000 ebx=00000000 ecx=00000000 edx=00000000
[    0.000000] CPUID[0d, 07]: eax=00000000 ebx=00000000 ecx=00000000 edx=00000000
[    0.000000] CPUID[0d, 08]: eax=00000000 ebx=00000000 ecx=00000000 edx=00000000
[    0.000000] CPUID[0d, 09]: eax=00000000 ebx=00000000 ecx=00000000 edx=00000000
[    0.000000] CPUID[0d, 0a]: eax=00000000 ebx=00000000 ecx=00000000 edx=00000000
[    0.000000] CPUID[0d, 0b]: eax=00000000 ebx=00000000 ecx=00000000 edx=00000000
[    0.000000] CPUID[0d, 0c]: eax=00000000 ebx=00000000 ecx=00000000 edx=00000000
[    0.000000] CPUID[0d, 0d]: eax=00000000 ebx=00000000 ecx=00000000 edx=00000000
[    0.000000] CPUID[0d, 0e]: eax=00000000 ebx=00000000 ecx=00000000 edx=00000000
[    0.000000] CPUID[0d, 0f]: eax=00000000 ebx=00000000 ecx=00000000 edx=00000000
[    0.000000] CPUID[0d, 10]: eax=00000000 ebx=00000000 ecx=00000000 edx=00000000
[    0.000000] CPUID[0d, 11]: eax=00000000 ebx=00000000 ecx=00000000 edx=00000000
[    0.000000] x86/fpu: xstate_offset[2]:  576, xstate_sizes[2]:  256
[    0.000000] x86/fpu: Supporting XSAVE feature 0x01: 'x87 floating point registers'
[    0.000000] x86/fpu: Supporting XSAVE feature 0x02: 'SSE registers'
[    0.000000] x86/fpu: Supporting XSAVE feature 0x04: 'AVX registers'
[    0.000000] x86/fpu: Enabled xstate features 0x7, context size is 1088 bytes, using 'standard' format.
[    0.000000] x86/fpu: Using 'lazy' FPU context switches.
[    0.000000] e820: BIOS-provided physical RAM map:
[    0.000000] BIOS-e820: [mem 0x0000000000000000-0x000000000009fbff] usable
[    0.000000] BIOS-e820: [mem 0x000000000009fc00-0x000000000009ffff] reserved
[    0.000000] BIOS-e820: [mem 0x00000000000f0000-0x00000000000fffff] reserved
[    0.000000] BIOS-e820: [mem 0x0000000000100000-0x000000003ffeffff] usable
[    0.000000] BIOS-e820: [mem 0x000000003fff0000-0x000000003fffffff] ACPI data
[    0.000000] BIOS-e820: [mem 0x00000000fec00000-0x00000000fec00fff] reserved
[    0.000000] BIOS-e820: [mem 0x00000000fee00000-0x00000000fee00fff] reserved
[    0.000000] BIOS-e820: [mem 0x00000000fffc0000-0x00000000ffffffff] reserved
[    0.000000] NX (Execute Disable) protection: active
[    0.000000] SMBIOS 2.5 present.
[    0.000000] Hypervisor detected: KVM
[    0.000000] e820: last_pfn = 0x3fff0 max_arch_pfn = 0x400000000
[    0.000000] MTRR: Disabled
[    0.000000] x86/PAT: MTRRs disabled, skipping PAT initialization too.
[    0.000000] CPU MTRRs all blank - virtualized system.
[    0.000000] x86/PAT: Configuration [0-7]: WB  WT  UC- UC  WB  WT  UC- UC  
[    0.000000] found SMP MP-table at [mem 0x0009fff0-0x0009ffff] mapped at [ffff88000009fff0]
[    0.000000] Scanning 1 areas for low memory corruption
[    0.000000] RAMDISK: [mem 0x36202000-0x370f8fff]
[    0.000000] ACPI: Early table checksum verification disabled
[    0.000000] ACPI: RSDP 0x00000000000E0000 000024 (v02 VBOX  )
[    0.000000] ACPI: XSDT 0x000000003FFF0030 00003C (v01 VBOX   VBOXXSDT 00000001 ASL  00000061)
[    0.000000] ACPI: FACP 0x000000003FFF00F0 0000F4 (v04 VBOX   VBOXFACP 00000001 ASL  00000061)
[    0.000000] ACPI: DSDT 0x000000003FFF0470 0021C8 (v02 VBOX   VBOXBIOS 00000002 INTL 20100528)
[    0.000000] ACPI: FACS 0x000000003FFF0200 000040
[    0.000000] ACPI: FACS 0x000000003FFF0200 000040
[    0.000000] ACPI: APIC 0x000000003FFF0240 00005C (v02 VBOX   VBOXAPIC 00000001 ASL  00000061)
[    0.000000] ACPI: SSDT 0x000000003FFF02A0 0001CC (v01 VBOX   VBOXCPUT 00000002 INTL 20100528)
[    0.000000] No NUMA configuration found
[    0.000000] Faking a node at [mem 0x0000000000000000-0x000000003ffeffff]
[    0.000000] NODE_DATA(0) allocated [mem 0x3ffeb000-0x3ffeffff]
[    0.000000] kvm-clock: Using msrs 4b564d01 and 4b564d00
[    0.000000] kvm-clock: cpu 0, msr 0:3ffe3001, primary cpu clock
[    0.000000] kvm-clock: using sched offset of 3405470929 cycles
[    0.000000] clocksource: kvm-clock: mask: 0xffffffffffffffff max_cycles: 0x1cd42e4dffb, max_idle_ns: 881590591483 ns
[    0.000000] Zone ranges:
[    0.000000]   DMA      [mem 0x0000000000001000-0x0000000000ffffff]
[    0.000000]   DMA32    [mem 0x0000000001000000-0x000000003ffeffff]
[    0.000000]   Normal   empty
[    0.000000]   Device   empty
[    0.000000] Movable zone start for each node
[    0.000000] Early memory node ranges
[    0.000000]   node   0: [mem 0x0000000000001000-0x000000000009efff]
[    0.000000]   node   0: [mem 0x0000000000100000-0x000000003ffeffff]
[    0.000000] Initmem setup node 0 [mem 0x0000000000001000-0x000000003ffeffff]
[    0.000000] ACPI: PM-Timer IO Port: 0x4008
[    0.000000] IOAPIC[0]: apic_id 2, version 32, address 0xfec00000, GSI 0-23
[    0.000000] ACPI: INT_SRC_OVR (bus 0 bus_irq 0 global_irq 2 dfl dfl)
[    0.000000] ACPI: INT_SRC_OVR (bus 0 bus_irq 9 global_irq 9 high level)
[    0.000000] Using ACPI (MADT) for SMP configuration information
[    0.000000] smpboot: Allowing 2 CPUs, 0 hotplug CPUs
[    0.000000] PM: Registered nosave memory: [mem 0x00000000-0x00000fff]
[    0.000000] PM: Registered nosave memory: [mem 0x0009f000-0x0009ffff]
[    0.000000] PM: Registered nosave memory: [mem 0x000a0000-0x000effff]
[    0.000000] PM: Registered nosave memory: [mem 0x000f0000-0x000fffff]
[    0.000000] e820: [mem 0x40000000-0xfebfffff] available for PCI devices
[    0.000000] Booting paravirtualized kernel on KVM
[    0.000000] clocksource: refined-jiffies: mask: 0xffffffff max_cycles: 0xffffffff, max_idle_ns: 7645519600211568 ns
[    0.000000] setup_percpu: NR_CPUS:512 nr_cpumask_bits:512 nr_cpu_ids:2 nr_node_ids:1
[    0.000000] PERCPU: Embedded 34 pages/cpu @ffff88003fc00000 s99544 r8192 d31528 u1048576
[    0.000000] PV qspinlock hash table entries: 256 (order: 0, 4096 bytes)
[    0.000000] Built 1 zonelists in Node order, mobility grouping on.  Total pages: 257912
[    0.000000] Policy zone: DMA32
[    0.000000] Kernel command line: BOOT_IMAGE=/boot/vmlinuz-4.4.0-119-generic root=UUID=e8fbe741-c77a-4f54-8541-d6a43e2d06ce ro console=tty1 console=ttyS0
[    0.000000] PID hash table entries: 4096 (order: 3, 32768 bytes)
[    0.000000] Memory: 997200K/1048120K available (8532K kernel code, 1313K rwdata, 3996K rodata, 1508K init, 1316K bss, 50920K reserved, 0K cma-reserved)
[    0.000000] SLUB: HWalign=64, Order=0-3, MinObjects=0, CPUs=2, Nodes=1
[    0.000000] Kernel/User page tables isolation: enabled
[    0.000000] Hierarchical RCU implementation.
[    0.000000] 	Build-time adjustment of leaf fanout to 64.
[    0.000000] 	RCU restricting CPUs from NR_CPUS=512 to nr_cpu_ids=2.
[    0.000000] RCU: Adjusting geometry for rcu_fanout_leaf=64, nr_cpu_ids=2
[    0.000000] NR_IRQS:33024 nr_irqs:440 16
[    0.000000] Console: colour VGA+ 80x25
[    0.000000] console [tty1] enabled
[    0.000000] console [ttyS0] enabled
[    0.000000] tsc: Detected 2400.004 MHz processor
[    7.117290] Calibrating delay loop (skipped) preset value.. 4800.00 BogoMIPS (lpj=9600016)
[    7.161997] pid_max: default: 32768 minimum: 301
[    7.200419] ACPI: Core revision 20150930
[    7.216826] ACPI: 2 ACPI AML tables successfully acquired and loaded
[    7.229153] Security Framework initialized
[    7.271850] Yama: becoming mindful.
[    7.285228] AppArmor: AppArmor initialized
[    7.300743] Dentry cache hash table entries: 131072 (order: 8, 1048576 bytes)
[    7.409427] Inode-cache hash table entries: 65536 (order: 7, 524288 bytes)
[    7.443478] Mount-cache hash table entries: 2048 (order: 2, 16384 bytes)
[    7.486022] Mountpoint-cache hash table entries: 2048 (order: 2, 16384 bytes)
[    7.507551] Initializing cgroup subsys io
[    7.509899] Initializing cgroup subsys memory
[    7.547386] Initializing cgroup subsys devices
[    7.586470] Initializing cgroup subsys freezer
[    7.621833] Initializing cgroup subsys net_cls
[    7.674046] Initializing cgroup subsys perf_event
[    7.752646] Initializing cgroup subsys net_prio
[    7.824063] Initializing cgroup subsys hugetlb
[    7.868618] Initializing cgroup subsys pids
[    7.912682] CPU: Physical Processor ID: 0
[    7.920446] CPU: Processor Core ID: 0
[    7.929277] FEATURE SPEC_CTRL Not Present
[    7.937554] mce: CPU supports 0 MCE banks
[    7.941251] Last level iTLB entries: 4KB 64, 2MB 8, 4MB 8
[    7.967998] Last level dTLB entries: 4KB 64, 2MB 0, 4MB 0, 1GB 4
[    8.006565] Spectre V2 mitigation: Mitigation: Full generic retpoline
[    8.044350] Spectre V2 mitigation: Speculation control IBPB not-supported IBRS not-supported
[    8.045850] Spectre V2 mitigation: Filling RSB on context switch
[    8.101711] Freeing SMP alternatives memory: 32K
[    8.182302] ftrace: allocating 32195 entries in 126 pages
[    8.263432] smpboot: APIC(0) Converting physical 0 to logical package 0
[    8.306791] smpboot: Max logical packages: 1
[    8.344586] x2apic enabled
[    8.389562] Switched APIC routing to physical x2apic.
[    8.448950] ..TIMER: vector=0x30 apic1=0 pin1=2 apic2=-1 pin2=-1
[    8.579510] smpboot: CPU0: Intel(R) Core(TM) i5-6200U CPU @ 2.30GHz (family: 0x6, model: 0x4e, stepping: 0x3)
[    8.672039] Performance Events: unsupported p6 CPU model 78 no PMU driver, software events only.
[    8.732419] KVM setup paravirtual spinlock
[    8.782017] x86: Booting SMP configuration:
[    8.820204] .... node  #0, CPUs:      #1
[    8.823578] kvm-clock: cpu 1, msr 0:3ffe3041, secondary cpu clock
[    8.862257] mce: CPU supports 0 MCE banks
[    8.893771] x86: Booted up 1 node, 2 CPUs
[    8.926168] smpboot: Total of 2 processors activated (9600.01 BogoMIPS)
[    8.957261] devtmpfs: initialized
[    8.967772] evm: security.selinux
[    8.977162] evm: security.SMACK64
[    8.982655] evm: security.SMACK64EXEC
[    9.004408] evm: security.SMACK64TRANSMUTE
[    9.042890] evm: security.SMACK64MMAP
[    9.060907] evm: security.ima
[    9.072734] evm: security.capability
[    9.078937] clocksource: jiffies: mask: 0xffffffff max_cycles: 0xffffffff, max_idle_ns: 7645041785100000 ns
[    9.129409] futex hash table entries: 512 (order: 3, 32768 bytes)
[    9.130870] pinctrl core: initialized pinctrl subsystem
[    9.141833] RTC time: 22:08:05, date: 04/22/18
[    9.167649] NET: Registered protocol family 16
[    9.208163] cpuidle: using governor ladder
[    9.272756] cpuidle: using governor menu
[    9.308139] PCCT header not found.
[    9.321704] ACPI: bus type PCI registered
[    9.398776] acpiphp: ACPI Hot Plug PCI Controller Driver version: 0.5
[    9.492782] PCI: Using configuration type 1 for base access
[    9.577897] ACPI: Added _OSI(Module Device)
[    9.639016] ACPI: Added _OSI(Processor Device)
[    9.707159] ACPI: Added _OSI(3.0 _SCP Extensions)
[    9.773009] ACPI: Added _OSI(Processor Aggregator Device)
[    9.817460] ACPI: Executed 1 blocks of module-level executable AML code
[    9.838970] ACPI: Interpreter enabled
[    9.891240] ACPI: (supports S0 S5)
[    9.919857] ACPI: Using IOAPIC for interrupt routing
[    9.941416] PCI: Using host bridge windows from ACPI; if necessary, use "pci=nocrs" and report a bug
[    9.960104] ACPI: PCI Root Bridge [PCI0] (domain 0000 [bus 00-ff])
[   10.003095] acpi PNP0A03:00: _OSC: OS supports [ASPM ClockPM Segments MSI]
[   10.004529] acpi PNP0A03:00: _OSC failed (AE_NOT_FOUND); disabling ASPM
[   10.005776] acpi PNP0A03:00: fail to add MMCONFIG information, can't access extended PCI configuration space under this bridge.
[   10.009471] PCI host bridge to bus 0000:00
[   10.023911] pci_bus 0000:00: root bus resource [io  0x0000-0x0cf7 window]
[   10.087259] pci_bus 0000:00: root bus resource [io  0x0d00-0xffff window]
[   10.105443] pci_bus 0000:00: root bus resource [mem 0x000a0000-0x000bffff window]
[   10.152560] pci_bus 0000:00: root bus resource [mem 0x40000000-0xffdfffff window]
[   10.205512] pci_bus 0000:00: root bus resource [bus 00-ff]
[   10.236266] pci 0000:00:01.1: legacy IDE quirk: reg 0x10: [io  0x01f0-0x01f7]
[   10.344360] pci 0000:00:01.1: legacy IDE quirk: reg 0x14: [io  0x03f6]
[   10.366961] pci 0000:00:01.1: legacy IDE quirk: reg 0x18: [io  0x0170-0x0177]
[   10.457440] pci 0000:00:01.1: legacy IDE quirk: reg 0x1c: [io  0x0376]
[   10.495607] pci 0000:00:07.0: quirk: [io  0x4000-0x403f] claimed by PIIX4 ACPI
[   10.613732] pci 0000:00:07.0: quirk: [io  0x4100-0x410f] claimed by PIIX4 SMB
[   10.678432] ACPI: PCI Interrupt Link [LNKA] (IRQs 5 9 10 *11)
[   10.769725] ACPI: PCI Interrupt Link [LNKB] (IRQs 5 9 10 *11)
[   10.836032] ACPI: PCI Interrupt Link [LNKC] (IRQs 5 9 *10 11)
[   10.857416] ACPI: PCI Interrupt Link [LNKD] (IRQs 5 *9 10 11)
[   10.871414] ACPI: Enabled 2 GPEs in block 00 to 07
[   10.913241] vgaarb: setting as boot device: PCI:0000:00:02.0
[   10.961108] vgaarb: device added: PCI:0000:00:02.0,decodes=io+mem,owns=io+mem,locks=none
[   11.057054] vgaarb: loaded
[   11.090973] vgaarb: bridge control possible 0000:00:02.0
[   11.101066] SCSI subsystem initialized
[   11.123638] ACPI: bus type USB registered
[   11.159509] usbcore: registered new interface driver usbfs
[   11.185868] usbcore: registered new interface driver hub
[   11.214719] usbcore: registered new device driver usb
[   11.232606] PCI: Using ACPI for IRQ routing
[   11.261945] NetLabel: Initializing
[   11.272714] NetLabel:  domain hash size = 128
[   11.288950] NetLabel:  protocols = UNLABELED CIPSOv4
[   11.305493] NetLabel:  unlabeled traffic allowed by default
[   11.387342] amd_nb: Cannot enumerate AMD northbridges
[   11.420764] clocksource: Switched to clocksource kvm-clock
[   11.443734] AppArmor: AppArmor Filesystem Enabled
[   11.520473] pnp: PnP ACPI init
[   11.563616] pnp: PnP ACPI: found 3 devices
[   11.621482] clocksource: acpi_pm: mask: 0xffffff max_cycles: 0xffffff, max_idle_ns: 2085701024 ns
[   11.643213] NET: Registered protocol family 2
[   11.751893] TCP established hash table entries: 8192 (order: 4, 65536 bytes)
[   11.872048] TCP bind hash table entries: 8192 (order: 5, 131072 bytes)
[   11.974209] TCP: Hash tables configured (established 8192 bind 8192)
[   11.980233] UDP hash table entries: 512 (order: 2, 16384 bytes)
[   11.991675] UDP-Lite hash table entries: 512 (order: 2, 16384 bytes)
[   12.028739] NET: Registered protocol family 1
[   12.095627] pci 0000:00:00.0: Limiting direct PCI/PCI transfers
[   12.229006] pci 0000:00:01.0: Activating ISA DMA hang workarounds
[   12.290757] Unpacking initramfs...
[   12.584049] Freeing initrd memory: 15324K
[   12.645659] platform rtc_cmos: registered platform RTC device (no PNP device found)
[   12.742347] Scanning for low memory corruption every 60 seconds
[   12.806247] audit: initializing netlink subsys (disabled)
[   12.857241] audit: type=2000 audit(1524434883.189:1): initialized
[   12.911159] Initialise system trusted keyring
[   12.963750] HugeTLB registered 2 MB page size, pre-allocated 0 pages
[   13.004396] zbud: loaded
[   13.045211] VFS: Disk quotas dquot_6.6.0
[   13.093820] VFS: Dquot-cache hash table entries: 512 (order 0, 4096 bytes)
[   13.196077] squashfs: version 4.0 (2009/01/31) Phillip Lougher
[   13.223025] fuse init (API version 7.23)
[   13.243602] Key type big_key registered
[   13.339198] Allocating IMA MOK and blacklist keyrings.
[   13.384961] Key type asymmetric registered
[   13.400838] Asymmetric key parser 'x509' registered
[   13.409253] Block layer SCSI generic (bsg) driver version 0.4 loaded (major 249)
[   13.424627] io scheduler noop registered
[   13.455793] io scheduler deadline registered (default)
[   13.468011] io scheduler cfq registered
[   13.469101] pci_hotplug: PCI Hot Plug PCI Core version: 0.5
[   13.470303] pciehp: PCI Express Hot Plug Controller Driver version: 0.4
[   13.474410] ACPI: AC Adapter [AC] (on-line)
[   13.475373] input: Power Button as /devices/LNXSYSTM:00/LNXPWRBN:00/input/input0
[   13.477080] ACPI: Power Button [PWRF]
[   13.497855] input: Sleep Button as /devices/LNXSYSTM:00/LNXSLPBN:00/input/input1
[   13.510714] ACPI: Sleep Button [SLPF]
[   13.513188] GHES: HEST is not enabled!
[   13.514111] ACPI: Battery Slot [BAT0] (battery present)
[   13.531250] Serial: 8250/16550 driver, 32 ports, IRQ sharing enabled
ÿ[   13.647385] 00:02: ttyS0 at I/O 0x3f8 (irq = 4, base_baud = 115200) is a 16550A
[   13.754347] tsc: Refined TSC clocksource calibration: 2399.787 MHz
[   13.757593] Linux agpgart interface v0.103
[   13.764309] loop: module loaded
[   13.764883] scsi host0: ata_piix
[   13.764946] scsi host1: ata_piix
[   13.764976] ata1: PATA max UDMA/33 cmd 0x1f0 ctl 0x3f6 bmdma 0xd000 irq 14
[   13.764977] ata2: PATA max UDMA/33 cmd 0x170 ctl 0x376 bmdma 0xd008 irq 15
[   13.765048] libphy: Fixed MDIO Bus: probed
[   13.765050] tun: Universal TUN/TAP device driver, 1.6
[   13.765051] tun: (C) 1999-2004 Max Krasnyansky <maxk@qualcomm.com>
[   13.765380] PPP generic driver version 2.4.2
[   13.765433] ehci_hcd: USB 2.0 'Enhanced' Host Controller (EHCI) Driver
[   13.765437] ehci-pci: EHCI PCI platform driver
[   13.765445] ehci-platform: EHCI generic platform driver
[   13.765452] ohci_hcd: USB 1.1 'Open' Host Controller (OHCI) Driver
[   13.765455] ohci-pci: OHCI PCI platform driver
[   13.765463] ohci-platform: OHCI generic platform driver
[   13.765470] uhci_hcd: USB Universal Host Controller Interface driver
[   13.765519] i8042: PNP: PS/2 Controller [PNP0303:PS2K,PNP0f03:PS2M] at 0x60,0x64 irq 1,12
[   13.819140] serio: i8042 KBD port at 0x60,0x64 irq 1
[   13.819146] serio: i8042 AUX port at 0x60,0x64 irq 12
[   13.819272] mousedev: PS/2 mouse device common for all mice
[   13.819579] rtc_cmos rtc_cmos: rtc core: registered rtc_cmos as rtc0
[   13.819635] rtc_cmos rtc_cmos: alarms up to one day, 114 bytes nvram
[   13.819642] i2c /dev entries driver
[   13.819691] device-mapper: uevent: version 1.0.3
[   13.819741] device-mapper: ioctl: 4.34.0-ioctl (2015-10-28) initialised: dm-devel@redhat.com
[   13.819761] ledtrig-cpu: registered to indicate activity on CPUs
[   13.820086] NET: Registered protocol family 10
[   13.820207] NET: Registered protocol family 17
[   13.820215] Key type dns_resolver registered
[   13.820507] registered taskstats version 1
[   13.820524] Loading compiled-in X.509 certificates
[   13.821222] Loaded X.509 cert 'Build time autogenerated kernel key: f854e06633b5f496ced5b2e02c7b14f761b69302'
[   13.821238] zswap: loaded using pool lzo/zbud
[   13.823132] Key type trusted registered
[   13.825992] Key type encrypted registered
[   13.825997] AppArmor: AppArmor sha1 policy hashing enabled
[   13.826000] ima: No TPM chip found, activating TPM-bypass!
[   13.826015] evm: HMAC attrs: 0x1
[   13.826344]   Magic number: 14:41:149
[   13.831291] rtc_cmos rtc_cmos: setting system clock to 2018-04-22 22:08:10 UTC (1524434890)
[   13.831418] BIOS EDD facility v0.16 2004-Jun-25, 0 devices found
[   13.831419] EDD information not available.
[   14.179546] input: AT Translated Set 2 keyboard as /devices/platform/i8042/serio0/input/input2
[   16.050271] clocksource: tsc: mask: 0xffffffffffffffff max_cycles: 0x22976e76a03, max_idle_ns: 440795325942 ns
[   16.144421] Freeing unused kernel memory: 1508K
[   16.174568] Write protecting the kernel read-only data: 14336k
[   16.235150] Freeing unused kernel memory: 1696K
[   16.256104] Freeing unused kernel memory: 100K
Loading, please wait...
starting version[   16.330177] random: systemd-udevd: uninitialized urandom read (16 bytes read, 7 bits of entropy available)
 229
[   16.330908] random: udevadm: uninitialized urandom read (16 bytes read, 7 bits of entropy available)
[   16.330932] random: udevadm: uninitialized urandom read (16 bytes read, 7 bits of entropy available)
[   16.344191] random: udevadm: uninitialized urandom read (16 bytes read, 7 bits of entropy available)
[   16.344273] random: udevadm: uninitialized urandom read (16 bytes read, 7 bits of entropy available)
[   16.344441] random: udevadm: uninitialized urandom read (16 bytes read, 7 bits of entropy available)
[   16.344502] random: udevadm: uninitialized urandom read (16 bytes read, 7 bits of entropy available)
[   16.344567] random: udevadm: uninitialized urandom read (16 bytes read, 7 bits of entropy available)
[   16.344647] random: udevadm: uninitialized urandom read (16 bytes read, 7 bits of entropy available)
[   16.344708] random: udevadm: uninitialized urandom read (16 bytes read, 7 bits of entropy available)
[   16.595274] e1000: Intel(R) PRO/1000 Network Driver - version 7.3.21-k8-NAPI
[   16.640893] e1000: Copyright (c) 1999-2006 Intel Corporation.
[   16.676992] Fusion MPT base driver 3.04.20
[   16.708482] Copyright (c) 1999-2008 LSI Corporation
[   16.736607] Fusion MPT SPI Host driver 3.04.20
[   16.754114] AVX version of gcm_enc/dec engaged.
[   16.787039] AES CTR mode by8 optimization enabled
[   16.959184] input: ImExPS/2 Generic Explorer Mouse as /devices/platform/i8042/serio1/input/input4
[   17.154540] e1000 0000:00:03.0 eth0: (PCI:33MHz:32-bit) 02:24:89:81:87:2f
[   17.277213] e1000 0000:00:03.0 eth0: Intel(R) PRO/1000 Network Connection
[   17.371702] mptbase: ioc0: Initiating bringup
[   17.372138] e1000 0000:00:03.0 enp0s3: renamed from eth0
[   17.589547] ioc0: LSI53C1030 A0: Capabilities={Initiator}
[   17.848156] scsi host2: ioc0: LSI53C1030 A0, FwRev=00000000h, Ports=1, MaxQ=256, IRQ=20
[   18.101765] scsi 2:0:0:0: Direct-Access     VBOX     HARDDISK         1.0  PQ: 0 ANSI: 5
[   18.229607] scsi target2:0:0: Beginning Domain Validation
[   18.317092] scsi target2:0:0: Domain Validation skipping write tests
[   18.420927] scsi target2:0:0: Ending Domain Validation
[   18.493829] scsi target2:0:0: asynchronous
[   18.579152] scsi 2:0:1:0: Direct-Access     VBOX     HARDDISK         1.0  PQ: 0 ANSI: 5
[   18.678677] scsi target2:0:1: Beginning Domain Validation
[   18.758964] scsi target2:0:1: Domain Validation skipping write tests
[   18.832724] scsi target2:0:1: Ending Domain Validation
[   18.841379] scsi target2:0:1: asynchronous
[   18.856710] sd 2:0:0:0: Attached scsi generic sg0 type 0
[   18.892997] sd 2:0:0:0: [sda] 20971520 512-byte logical blocks: (10.7 GB/10.0 GiB)
[   18.898810] sd 2:0:1:0: [sdb] 20480 512-byte logical blocks: (10.5 MB/10.0 MiB)
[   18.916381] sd 2:0:0:0: [sda] Write Protect is off
[   18.997125] sd 2:0:1:0: Attached scsi generic sg1 type 0
[   19.048231] sd 2:0:1:0: [sdb] Write Protect is off
[   19.094339] sd 2:0:0:0: [sda] Incomplete mode parameter data
[   19.134996] sd 2:0:0:0: [sda] Assuming drive cache: write through
[   19.136705] sd 2:0:1:0: [sdb] Incomplete mode parameter data
[   19.138228]  sda: sda1
[   19.139096] sd 2:0:0:0: [sda] Attached SCSI disk
[   19.212850] sd 2:0:1:0: [sdb] Assuming drive cache: write through
[   19.223619] sd 2:0:1:0: [sdb] Attached SCSI disk
[   19.681666] floppy0: no floppy controllers found
Begin: Loading e[   21.226268] md: linear personality registered for level -1
ssential drivers[   21.327372] md: multipath personality registered for level -4
 ... [   21.457133] md: raid0 personality registered for level 0
[   21.534866] md: raid1 personality registered for level 1
[   21.709171] raid6: sse2x1   gen()  7111 MB/s
[   21.832980] raid6: sse2x1   xor()  4527 MB/s
[   21.952837] raid6: sse2x2   gen()  8490 MB/s
[   22.061094] raid6: sse2x2   xor()  5902 MB/s
[   22.136789] raid6: sse2x4   gen()  9736 MB/s
[   22.229064] raid6: sse2x4   xor()  4737 MB/s
[   22.253522] raid6: using algorithm sse2x4 gen() 9736 MB/s
[   22.264706] raid6: .... xor() 4737 MB/s, rmw enabled
[   22.274280] raid6: using ssse3x2 recovery algorithm
[   22.299183] xor: automatically using best checksumming function:
[   22.413025]    avx       : 14542.000 MB/sec
[   22.423335] async_tx: api initialized (async)
[   22.504629] md: raid6 personality registered for level 6
[   22.563176] md: raid5 personality registered for level 5
[   22.578215] md: raid4 personality registered for level 4
[   22.585472] md: raid10 personality registered for level 10
done.
Begin: Running /scripts/init-premount ... done[   22.656888] Btrfs loaded
.
Begin: Mounting root file system ... Begin: Running /scripts/local-top ... do[   22.752311] EXT4-fs (sda1): mounted filesystem with ordered data mode. Opts: (null)
ne.
Begin: Running /scripts/local-premount ... Scanning for Btrfs filesystems
done.
Warning: fsck not present, so skipping root file system
done.
Begin: Running /scripts/local-bottom ... done.
Begin: Running /scripts/init-bottom ... done.
[   23.072731] systemd[1]: systemd 229 running in system mode. (+PAM +AUDIT +SELINUX +IMA +APPARMOR +SMACK +SYSVINIT +UTMP +LIBCRYPTSETUP +GCRYPT +GNUTLS +ACL +XZ -LZ4 +SECCOMP +BLKID +ELFUTILS +KMOD -IDN)
[   23.398251] systemd[1]: Detected virtualization oracle.
[   23.447405] systemd[1]: Detected architecture x86-64.

Welcome to [1mUbuntu 16.04.4 LTS[0m!

[   23.578251] systemd[1]: Set hostname to <ubuntu-xenial>.
[   23.841183] systemd[1]: Set up automount Arbitrary Executable File Formats File System Automount Point.
[[0;32m  OK  [0m] Set up automount Arbitrary Executab...ats File System Automount Point.
[   24.129598] systemd[1]: Listening on LVM2 poll daemon socket.
[[0;32m  OK  [0m] Listening on LVM2 poll daemon socket.
[   24.310134] systemd[1]: Reached target Swap.
[[0;32m  OK  [0m] Reached target Swap.
[   24.413109] systemd[1]: Listening on udev Kernel Socket.
[[0;32m  OK  [0m] Listening on udev Kernel Socket.
[   24.521691] systemd[1]: Created slice User and Session Slice.
[[0;32m  OK  [0m] Created slice User and Session Slice.
[   24.709561] systemd[1]: Listening on Syslog Socket.
[[0;32m  OK  [0m] Listening on Syslog Socket.
[   24.877269] systemd[1]: Listening on LVM2 metadata daemon socket.
[[0;32m  OK  [0m] Listening on LVM2 metadata daemon socket.
[   25.049807] random: nonblocking pool is initialized
[   25.177138] systemd[1]: Listening on Journal Socket (/dev/log).
[[0;32m  OK  [0m] Listening on Journal Socket (/dev/log).
[   25.373151] systemd[1]: Listening on Device-mapper event daemon FIFOs.
[[0;32m  OK  [0m] Listening on Device-mapper event daemon FIFOs.
[   25.479205] systemd[1]: Created slice System Slice.
[[0;32m  OK  [0m] Created slice System Slice.
[   25.545389] systemd[1]: Reached target Slices.
[[0;32m  OK  [0m] Reached target Slices.
[   25.637560] systemd[1]: Created slice system-serial\x2dgetty.slice.
[[0;32m  OK  [0m] Created slice system-serial\x2dgetty.slice.
[   25.789762] systemd[1]: Created slice system-postgresql.slice.
[[0;32m  OK  [0m] Created slice system-postgresql.slice.
[   26.006279] systemd[1]: Started Forward Password Requests to Wall Directory Watch.
[[0;32m  OK  [0m] Started Forward Password Requests to Wall Directory Watch.
[   26.278054] systemd[1]: Listening on Journal Socket.
[[0;32m  OK  [0m] Listening on Journal Socket.
[   26.453681] systemd[1]: Mounting Huge Pages File System...
         Mounting Huge Pages File System...
[   26.577111] systemd[1]: Mounting POSIX Message Queue File System...
         Mounting POSIX Message Queue File System...
[   26.641234] systemd[1]: Starting Load Kernel Modules...
         Starting Load Ke[   26.666625] Loading iSCSI transport class v2.0-870.
rnel Modules...[   26.724048] iscsi: registered transport (tcp)

[   26.753425] systemd[1]: Starting Create list of required static device nodes for the current kernel...
         [   26.853775] iscsi: registered transport (iser)
Starting Create list of required st... nodes for the current kernel...
[   26.909321] systemd[1]: Starting Monitoring of LVM2 mirrors, snapshots etc. using dmeventd or progress polling...
         Starting Monitoring of LVM2 mirrors... dmeventd or progress polling...
[   27.133426] systemd[1]: Starting Set console keymap...
         Starting Set console keymap...
[   27.244838] systemd[1]: Starting Nameserver information manager...
         Starting Nameserver information manager...
[   27.377236] systemd[1]: Mounting Debug File System...
         Mounting Debug File System...
[   27.469750] systemd[1]: Starting Remount Root and Kernel File Systems...
         [   27.581390] EXT4-fs (sda1): re-mounted. Opts: (null)
Starting Remount Root and Kernel File Systems...
[   27.685191] systemd[1]: Listening on /dev/initctl Compatibility Named Pipe.
[[0;32m  OK  [0m] Listening on /dev/initctl Compatibility Named Pipe.
[   27.805626] systemd[1]: Reached target User and Group Name Lookups.
[[0;32m  OK  [0m] Reached target User and Group Name Lookups.
[   28.041568] systemd[1]: Starting Uncomplicated firewall...
         Starting Uncomplicated firewall...
[   28.181482] systemd[1]: Listening on udev Control Socket.
[[0;32m  OK  [0m] Listening on udev Control Socket.
[   28.333262] systemd[1]: Started Trigger resolvconf update for networkd DNS.
[[0;32m  OK  [0m] Started Trigger resolvconf update for networkd DNS.
[   28.505753] systemd[1]: Listening on Journal Audit Socket.
[[0;32m  OK  [0m] Listening on Journal Audit Socket.
[   28.681451] systemd[1]: Starting Journal Service...
         Starting Journal Service...
[   28.789629] systemd[1]: Reached target Encrypted Volumes.
[[0;32m  OK  [0m] Reached target Encrypted Volumes.
[   28.896950] systemd[1]: Mounted Debug File System.
[[0;32m  OK  [0m] Mounted Debug File System.
[   28.937990] systemd[1]: Mounted POSIX Message Queue File System.
[[0;32m  OK  [0m] Mounted POSIX Message Queue File System.
[   29.062478] systemd[1]: Mounted Huge Pages File System.
[[0;32m  OK  [0m] Mounted Huge Pages File System.
[   29.241533] systemd[1]: Started Journal Service.
[[0;32m  OK  [0m] Started Journal Service.
[[0;32m  OK  [0m] Started Load Kernel Modules.
[[0;32m  OK  [0m] Started Create list of required sta...ce nodes for the current kernel.
[[0;32m  OK  [0m] Started Set console keymap.
[[0;32m  OK  [0m] Started Remount Root and Kernel File Systems.
[[0;32m  OK  [0m] Started Uncomplicated firewall.
[[0;32m  OK  [0m] Started Nameserver information manager.
[[0;32m  OK  [0m] Started LVM2 metadata daemon.
         Starting Load/Save Random Seed...
         Starting Initial cloud-init job (pre-networking)...
         Starting udev Coldplug all Devices...
         Starting Create Static Device Nodes in /dev...
         Mounting FUSE Control File System...
         Starting Apply Kernel Variables...
         Starting Flush Journal to Persistent Storage...
[[0;32m  OK  [0m] Mounted FUSE Control File System.
[[0;32m  OK  [0m] Started Monitoring of LVM2 mirrors,...ng dmeventd or progress polling.
[[0;32m  OK  [0m] Started Load/Save Random Seed.
[[0;32m  OK  [0m] Started Create Static Device Nodes in /dev.
[[0;32m  OK  [0m] Started Apply Kernel Variables.
[[0;32m  OK  [0m] Started udev Coldplug all Devices.
[[0;32m  OK  [0m] Started Flush Journal to Persistent Storage.
         Starting udev Kernel Device Manager...
[[0;32m  OK  [0m] Started udev Kernel Device Manager.
[[0;32m  OK  [0m] Started Dispatch Password Requests to Console Directory Watch.
[[0;32m  OK  [0m] Reached target Local File Systems (Pre).
[[0;32m  OK  [0m] Reached target Local File Systems.
         Starting LSB: AppArmor initialization...
         Starting Set console font and keymap...
         Starting Tell Plymouth To Write Out Runtime Data...
         Starting Create Volatile Files and Directories...
[[0;32m  OK  [0m] Started Tell Plymouth To Write Out Runtime Data.
[[0;32m  OK  [0m] Started Create Volatile Files and Directories.
[[0;32m  OK  [0m] Found device /dev/ttyS0.
         Starting Update UTMP about System Boot/Shutdown...
[[0;32m  OK  [0m] Reached target System Time Synchronized.
[   20.833383] cloud-init[457]: Cloud-init v. 17.1 running 'init-local' at Sun, 22 Apr 2018 22:08:27 +0000. Up 20.21 seconds.
[[0;32m  OK  [0m] Started LSB: AppArmor initialization.
[[0;32m  OK  [0m] Started Set console font and keymap.
[[0;32m  OK  [0m] Started Initial cloud-init job (pre-networking).
[[0;32m  OK  [0m] Started Update UTMP about System Boot/Shutdown.
[[0;32m  OK  [0m] Found device 82540EM Gigabit Ethern...r (PRO/1000 MT Desktop Adapter).
[[0;32m  OK  [0m] Listening on Load/Save RF Kill Switch Status /dev/rfkill Watch.
[[0;32m  OK  [0m] Reached target Network (Pre).
[[0;32m  OK  [0m] Created slice system-getty.slice.
[[0;32m  OK  [0m] Started ifup for enp0s3.
         Starting Raise network interfaces...
[[0;32m  OK  [0m] Started Raise network interfaces.
[[0;32m  OK  [0m] Reached target Network.
         Starting Initial cloud-init job (metadata service crawler)...
[   24.324571] cloud-init[974]: Cloud-init v. 17.1 running 'init' at Sun, 22 Apr 2018 22:08:31 +0000. Up 23.86 seconds.
[   24.344689] cloud-init[974]: ci-info: +++++++++++++++++++++++++++++++++++++Net device info++++++++++++++++++++++++++++++++++++++
[   24.372605] cloud-init[974]: ci-info: +--------+------+----------------------------+---------------+-------+-------------------+
[   24.396602] cloud-init[974]: ci-info: | Device |  Up  |          Address           |      Mask     | Scope |     Hw-Address    |
[   24.423433] [cloud-init[0;32m  OK  [0m[974]: ] ci-info: +--------+------+----------------------------+---------------+-------+-------------------+Started Initial cloud-init job (metadata service crawler).

[   24.424366] cloud-init[974]: ci-info: | enp0s3 | True |         10.0.2.15          | 255.255.255.0 |   .   | 02:24:89:81:87:2f |
[   24.576599] [cloud-init[0;32m  OK  [0m[974]: ] ci-info: | enp0s3 | True | fe80::24:89ff:fe81:872f/64 |       .       |  link | 02:24:89:81:87:2f |Reached target System Initialization.

[   24.577343] cloud-init[974]: [[0;32m  OK  [0m] Started ACPI Events Check.
[[0;32m  OK  [0m] Reached target Paths.
[[0;32m  OK  [0m] ci-info: |   lo   | True |         127.0.0.1          |   255.0.0.0   |   .   |         .         |
Listening on UUID daemon activation socket.
[[0;32m  OK  [0m] Listening on ACPID Listen Socket.
[   24.692478] cloud-init[974]: ci-info: |   lo   | True |          ::1/128           |       .       |  host |         .         |
[   24.904848]          cloud-initStarting LXD - unix socket.[974]: 
ci-info: +--------+------+----------------------------+---------------+-------+-------------------+
[   24.996554] [[0;32m  OK  [0m] Started Daily apt download activities.
[[0;32m  OK  [0m] Started Daily apt upgrade and clean activities.
cloud-init[974]: ci-info: +++++++++++++++++++++++++++Route IPv4 info++++++++++++++++++++++++++++
[   25.124355] [cloud-init[0;32m  OK  [0m[974]: ] ci-info: +-------+-------------+----------+---------------+-----------+-------+Started Timer to automatically refresh installed snaps.

[   25.124929] [cloud-init[0;32m  OK  [0m[974]: ] ci-info: | Route | Destination | Gateway  |    Genmask    | Interface | Flags |Listening on D-Bus System Message Bus Socket.

[   25.185265] [cloud-init[0;32m  OK  [0m[974]: ] ci-info: +-------+-------------+----------+---------------+-----------+-------+Started Daily Cleanup of Temporary Directories.

[   25.217281] [cloud-init[0;32m  OK  [0m[974]: ] ci-info: |   0   |   0.0.0.0   | 10.0.2.2 |    0.0.0.0    |   enp0s3  |   UG  |Reached target Timers.

[   25.274050]          cloud-initStarting Socket activation for snappy daemon.[974]: 
ci-info: |   1   |   10.0.2.0  | 0.0.0.0  | 255.255.255.0 |   enp0s3  |   U   |
[   25.340589] [cloud-init[0;32m  OK  [0m[974]: ] ci-info: +-------+-------------+----------+---------------+-----------+-------+Reached target Cloud-config availability.

[[0;32m  OK  [0m] Reached target Network is Online.
         Starting iSCSI initiator daemon (iscsid)...
[[0;32m  OK  [0m] Listening on LXD - unix socket.
[[0;32m  OK  [0m] Listening on Socket activation for snappy daemon.
[[0;32m  OK  [0m] Started iSCSI initiator daemon (iscsid).
         Starting Login to default iSCSI targets...
[[0;32m  OK  [0m] Reached target Sockets.
[[0;32m  OK  [0m] Reached target Basic System.
[[0;32m  OK  [0m] Started Unattended Upgrades Shutdown.
[[0;32m  OK  [0m] Started Deferred execution scheduler.
         Starting PostgreSQL Cluster 9.6-main...
[[0;32m  OK  [0m] Started D-Bus System Message Bus.
[[0;32m  OK  [0m] Started ACPI event daemon.
         Starting LSB: MD monitoring daemon...
         Starting OpenBSD Secure Shell server...
[[0;32m  OK  [0m] Started Regular background program processing daemon.
         Starting LXD - container startup/shutdown...
         Starting /etc/rc.local Compatibility...
         Starting Apply the settings specified in cloud-config...
         Starting Accounts Service...
         Starting Snappy daemon...
[[0;32m  OK  [0m] Started FUSE filesystem for LXC.
         Starting Login Service...
         Starting System Logging Service...
         Starting LSB: Record successful boot for GRUB...
[[0;32m  OK  [0m] Started OpenBSD Secure Shell server.
[[0;32m  OK  [0m] Started System Logging Service.
[[0;32m  OK  [0m] Started Snappy daemon.
[[0;32m  OK  [0m] Started LXD - container startup/shutdown.
[[0;32m  OK  [0m] Started /etc/rc.local Compatibility.
[[0;32m  OK  [0m] Started Login to default iSCSI targets.
[[0;32m  OK  [0m] Started LSB: MD monitoring daemon.
[[0;32m  OK  [0m] Started LSB: Record successful boot for GRUB.
[[0;32m  OK  [0m] Started Login Service.
         Starting Authenticate and Authorize Users to Run Privileged Tasks...
[[0;32m  OK  [0m] Reached target Remote File Systems (Pre).
[[0;32m  OK  [0m] Reached target Remote File Systems.
         Starting LSB: Set the CPU Frequency Scaling governor to "ondemand"...
         Starting Permit User Sessions...
         Starting LSB: automatic crash report generation...
         Starting LSB: VirtualBox Linux Additions...
         Starting LSB: daemon to balance interrupts for SMP systems...
         Starting LSB: Start/stop sysstat's sadc...
[[0;32m  OK  [0m] Started Permit User Sessions.
[[   26.782605] cloud-init[1064]: Cloud-init v. 17.1 running 'modules:config' at Sun, 22 Apr 2018 22:08:34 +0000. Up 26.59 seconds.
[0;32m  OK  [0m] Started Apply the settings specified in cloud-config.
[[0;32m  OK  [0m] Started Authenticate and Authorize Users to Run Privileged Tasks.
[[0;32m  OK  [0m] Started Accounts Service.
[[0;32m  OK  [0m] Started LSB: Set the CPU Frequency Scaling governor to "ondemand".
[[0;32m  OK  [0m] Started LSB: automatic crash report generation.
[[0;32m  OK  [0m] Started LSB: Start/stop sysstat's sadc.
[[0;32m  OK  [0m] Started LSB: VirtualBox Linux Additions.
[[0;32m  OK  [0m] Started LSB: daemon to balance interrupts for SMP systems.
[[0;32m  OK  [0m] Created slice User Slice of vagrant.
         Starting User Manager for UID 1000...
[[0;32m  OK  [0m] Started Session 1 of user vagrant.
         Starting Terminate Plymouth Boot Screen...
         Starting Hold until boot process finishes up...
[[0;32m  OK  [0m] Started User Manager for UID 1000.
[[0;32m  OK  [0m] Started Terminate Plymouth Boot Screen.
[[0;32m  OK  [0m] Started Hold until boot process finishes up.
[[0;32m  OK  [0m] Started Serial Getty on ttyS0.
[[0;32m  OK  [0m] Started Getty on tty1.
[[0;32m  OK  [0m] Reached target Login Prompts.
         Starting Set console scheme...
[[0;32m  OK  [0m] Started PostgreSQL Cluster 9.6-main.
[[0;32m  OK  [0m] Started Set console scheme.
         Starting PostgreSQL RDBMS...
[[0;32m  OK  [0m] Started PostgreSQL RDBMS.
[[0;32m  OK  [0m] Reached target Multi-User System.
[[0;32m  OK  [0m] Reached target Graphical Interface.
         Starting Update UTMP about System Runlevel Changes...
         Starting Execute cloud user/final scripts...
[[0;32m  OK  [0m] Started Update UTMP about System Runlevel Changes.
[   28.782086] cloud-init[1304]: Cloud-init v. 17.1 running 'modules:final' at Sun, 22 Apr 2018 22:08:36 +0000. Up 28.64 seconds.
[   28.867702] [cloud-init[0;32m  OK  [0m[1304]: ] Cloud-init v. 17.1 finished at Sun, 22 Apr 2018 22:08:36 +0000. Datasource DataSourceNoCloud [seed=/dev/sdb][dsmode=net].  Up 28.77 secondsStarted Execute cloud user/final scripts.

[[0;32m  OK  [0m] Reached target Cloud-init target.

Ubuntu 16.04.4 LTS ubuntu-xenial ttyS0

ubuntu-xenial login:          Stopping ACPI event daemon...
[[0;32m  OK  [0m] Stopped target Graphical Interface.
         Stopping Accounts Service...
         Stopping Session 6 of user vagrant.
         St          Stopping Unattended Upgrades Shutdown...
         Stopping OpenBSD Secure Shell server...
         Stopping Snappy daemon...
[[0;32m  OK  [0m] Stopped target Timers.
[[0;32m  OK  [0m] Stopped Daily Cleanup of Temporary Directories.
[[0;32m  OK  [0m] Stopped Timer to automatically refresh installed snaps.
[[0;32m  OK  [0m] Stopped Daily apt upgrade and clean activities.
[[0;32m  OK  [0m] Stopped Daily apt download activities.
[[0;32m  OK  [0m] Stopped target System Time Synchronized.
         Stopping FUSE filesystem for LXC...
[[0;32m  OK  [0m] Unmounted /var/lib/lxcfs.
[[0;32m  OK  [0m] Stopped Deferred execution scheduler.
[[0;32m  OK  [0m] Stopped ACPI event daemon.
[[0;32m  OK  [0m] Stopped OpenBSD Secure Shell server.
[[0;32m  OK  [0m] Stopped Regular background program processing daemon.
[[0;32m  OK  [0m] Stopped Accounts Service.
[[0;32m  OK  [0m] Stopped Snappy daemon.
[[0;32m  OK  [0m] Stopped System Logging Service.
[[0;32m  OK  [0m] Stopped Authenticate and Authorize Users to Run Privileged Tasks.
[[0;32m  OK  [0m] Stopped Serial Getty on ttyS0.
[[0;32m  OK  [0m] Stopped Getty on tty1.
[[0;32m  OK  [0m] Stopped User Manager for UID 1000.
[[0;32m  OK  [0m] Stopped Session 6 of user vagrant.
[[0;32m  OK  [0m] Stopped D-Bus System Message Bus.
[[0;32m  OK  [0m] Stopped Unattended Upgrades Shutdown.
[[0;32m  OK  [0m] Stopped FUSE filesystem for LXC.
[[0;32m  OK  [0m] Stopped LSB: MD monitoring daemon.
[[0;32m  OK  [0m] Stopped LXD - container startup/shutdown.
[[0;32m  OK  [0m] Stopped PostgreSQL Cluster 9.6-main.
[[0;32m  OK  [0m] Stopped LSB: VirtualBox Linux Additions.
[[0;32m  OK  [0m] Stopped LSB: Start/stop sysstat's sadc.
[[0;32m  OK  [0m] Stopped LSB: Set the CPU Frequency Scaling governor to "ondemand".
[[0;32m  OK  [0m] Stopped LSB: Record successful boot for GRUB.
[[0;32m  OK  [0m] Stopped LSB: automatic crash report generation.
[[0;32m  OK  [0m] Stopped LSB: daemon to balance interrupts for SMP systems.
[[0;32m  OK  [0m] Removed slice system-postgresql.slice.
[[0;32m  OK  [0m] Removed slice system-getty.slice.
[[0;32m  OK  [0m] Stopped /etc/rc.local Compatibility.
[[0;32m  OK  [0m] Removed slice system-serial\x2dgetty.slice.
[[0;32m  OK  [0m] Stopped Session 2 of user vagrant.
[[0;32m  OK  [0m] Stopped User Manager for UID 1000.
[[0;32m  OK  [0m] Removed slice User Slice of vagrant.
         Stopping Permit User Sessions...
         Stopping Login Service...
[[0;32m  OK  [0m] Stopped Permit User Sessions.
[[0;32m  OK  [0m] Stopped Login Service.
[[0;32m  OK  [0m] Stopped target Basic System.
[[0;32m  OK  [0m] Stopped target Paths.
[[0;32m  OK  [0m] Stopped Dispatch Password Requests to Console Directory Watch.
[[0;32m  OK  [0m] Stopped ACPI Events Check.
[[0;32m  OK  [0m] Stopped Forward Password Requests to Wall Directory Watch.
[[0;32m  OK  [0m] Stopped target Slices.
[[0;32m  OK  [0m] Removed slice User and Session Slice.
[[0;32m  OK  [0m] Stopped target Sockets.
[[0;32m  OK  [0m] Closed UUID daemon activation socket.
[[0;32m  OK  [0m] Closed D-Bus System Message Bus Socket.
[[0;32m  OK  [0m] Closed ACPID Listen Socket.
[[0;32m  OK  [0m] Closed LXD - unix socket.
[[0;32m  OK  [0m] Closed Socket activation for snappy daemon.
[[0;32m  OK  [0m] Closed Syslog Socket.
[[0;32m  OK  [0m] Stopped target System Initialization.
[[0;32m  OK  [0m] Stopped target Swap.
         Stopping Update UTMP about System Boot/Shutdown...
         Stopping Load/Save Random Seed...
[[0;32m  OK  [0m] Stopped target Encrypted Volumes.
[[0;32m  OK  [0m] Stopped target User and Group Name Lookups.
[[0;32m  OK  [0m] Stopped target Remote File Systems.
[[0;32m  OK  [0m] Stopped target Remote File Systems (Pre).
         Stopping Login to default iSCSI targets...
[[0;32m  OK  [0m] Stopped Load/Save Random Seed.
[[0;32m  OK  [0m] Stopped Update UTMP about System Boot/Shutdown.
[[0;32m  OK  [0m] Stopped Login to default iSCSI targets.
         Stopping iSCSI initiator daemon (iscsid)...
[[0;32m  OK  [0m] Stopped Create Volatile Files and Directories.
[[0;32m  OK  [0m] Stopped iSCSI initiator daemon (iscsid).
[[0;32m  OK  [0m] Stopped target Network is Online.
[[0;32m  OK  [0m] Stopped Initial cloud-init job (metadata service crawler).
[[0;32m  OK  [0m] Stopped target Network.
         Stopping Raise network interfaces...
[[0;32m  OK  [0m] Stopped Raise network interfaces.
[[0;32m  OK  [0m] Stopped Apply Kernel Variables.
[[0;32m  OK  [0m] Stopped Load Kernel Modules.
[[0;32m  OK  [0m] Stopped target Local File Systems.
         Unmounting /vagrant...
         Unmounting /run/user/1000...
[[0;32m  OK  [0m] Stopped target Network (Pre).
[[0;32m  OK  [0m] Stopped Initial cloud-init job (pre-networking).
[[0;32m  OK  [0m] Unmounted /vagrant.
[[0;32m  OK  [0m] Unmounted /run/user/1000.
[[0;32m  OK  [0m] Reached target Unmount All Filesystems.
[[0;32m  OK  [0m] Stopped target Local File Systems (Pre).
[[0;32m  OK  [0m] Stopped Create Static Device Nodes in /dev.
         Stopping Monitoring of LVM2 mirrors... dmeventd or progress polling...
[[0;32m  OK  [0m] Stopped Remount Root and Kernel File Systems.
[[0;32m  OK  [0m] Reached target Shutdown.
[ 1122.671550] reboot: Power down
